[backblue.gif]
[fade.gif]
[index.html]
[client.optinvests.com/index.html]
[client.optinvests.com/en-US/Account/Login650d.html]
[ajax.googleapis.com/ajax/libs/jquery/1.12.4/jquery.min.js]
[cdn.jsdelivr.net/npm/bootstrap@3.3.7/dist/js/bootstrap.min.js]
[cdn.jsdelivr.net/npm/bootstrap@3.3.7/dist/css/bootstrap.min.css]
[client.optinvests.com/themes/Matrix/loginform/fonts/material-design-iconic-font/css/material-design-iconic-font.min.css]
[client.optinvests.com/themes/Matrix/loginform/css/style.css]
[client.optinvests.com/en-US/Account/Login38a2.html]
[client.optinvests.com/themes/Matrix/Distributiontest/img/gb.png]
[client.optinvests.com/de-DE/Account/Login650d.html]
[client.optinvests.com/themes/Matrix/Distributiontest/img/de.png]
[client.optinvests.com/themes/Matrix/loginform/images/bg1.png]
[client.optinvests.com/optinvests-b.png]
[client.optinvests.com/en-US/Account/Register.html]
[client.optinvests.com/en-US/Account/Login650d.html]
[cdn.jsdelivr.net/npm/bootstrap@3.3.7/dist/css/bootstrap.min.css]
[client.optinvests.com/en-US/Account/ForgotPassword.html]
[client.optinvests.com/themes/Matrix/loginform/fonts/material-design-iconic-font/fonts/Material-Design-Iconic-Fontd1f1.woff2]
[client.optinvests.com/themes/Matrix/loginform/fonts/material-design-iconic-font/fonts/Material-Design-Iconic-Fontd1f1.woff]
[client.optinvests.com/themes/Matrix/loginform/fonts/material-design-iconic-font/fonts/Material-Design-Iconic-Fontd1f1.ttf]
[client.optinvests.com/themes/Matrix/loginform/fonts/material-design-iconic-font/css/material-design-iconic-font.min.css]
[client.optinvests.com/themes/Matrix/loginform/fonts/poppins/Poppins-Regular.ttf]
[client.optinvests.com/themes/Matrix/loginform/fonts/poppins/Poppins-SemiBold.ttf]
[client.optinvests.com/themes/Matrix/loginform/css/style.css]
[client.optinvests.com/en-US/Account/Login38a2.html]
[client.optinvests.com/de-DE/Account/Register.html]
[client.optinvests.com/de-DE/Account/Login650d.html]
[client.optinvests.com/de-DE/Account/ForgotPassword.html]
[www.google.com/recaptcha/api.js]
[client.optinvests.com/en-US/Account/Register.html]
[client.optinvests.com/en-US/Account/ForgotPassword.html]
[client.optinvests.com/de-DE/Account/Register.html]
[client.optinvests.com/de-DE/Account/ForgotPassword.html]
[client.optinvests.com/themes/Matrix/Dashboard/js/core/jquery.min.js]
